[2m2018-05-29 12:58:13[0;39m [32m INFO[0;39m [35m13724[0;39m [2m---[0;39m [2m[nio-8585-exec-9][0;39m [36mc.employee.common.aspect.LoggingAspect  [0;39m [2m:[0;39m ++++++++ method signature public java.util.List com.employee.controller.EmployeeController.getEmployeesEntry(javax.servlet.http.HttpServletRequest) took 0.003 seconds
[2m2018-05-29 13:09:30[0;39m [32m INFO[0;39m [35m13724[0;39m [2m---[0;39m [2m[nio-8585-exec-4][0;39m [36mc.employee.common.aspect.LoggingAspect  [0;39m [2m:[0;39m ++++++++Entering: Method signature++++++++ 
public java.util.List com.employee.controller.EmployeeController.getEmployeesEntry(javax.servlet.http.HttpServletRequest) at: Tue May 29 13:09:30 IST 2018
[2m2018-05-29 13:09:30[0;39m [32m INFO[0;39m [35m13724[0;39m [2m---[0;39m [2m[nio-8585-exec-4][0;39m [36mc.employee.common.aspect.LoggingAspect  [0;39m [2m:[0;39m ++++++++ Exiting : method signature++++++++  
public java.util.List com.employee.controller.EmployeeController.getEmployeesEntry(javax.servlet.http.HttpServletRequest)  at: Tue May 29 13:09:30 IST 2018
[2m2018-05-29 13:09:30[0;39m [32m INFO[0;39m [35m13724[0;39m [2m---[0;39m [2m[nio-8585-exec-4][0;39m [36mc.employee.common.aspect.LoggingAspect  [0;39m [2m:[0;39m ++++++++ method signature public java.util.List com.employee.controller.EmployeeController.getEmployeesEntry(javax.servlet.http.HttpServletRequest) took 0.005 seconds
[2m2018-05-29 14:48:44[0;39m [33m WARN[0;39m [35m13724[0;39m [2m---[0;39m [2m[l-1 housekeeper][0;39m [36mcom.zaxxer.hikari.pool.HikariPool       [0;39m [2m:[0;39m HikariPool-1 - Thread starvation or clock leap detected (housekeeper delta=1h19m20s434ms433µs181ns).
[2m2018-05-29 15:05:02[0;39m [32m INFO[0;39m [35m13724[0;39m [2m---[0;39m [2m[nio-8585-exec-2][0;39m [36mc.employee.common.aspect.LoggingAspect  [0;39m [2m:[0;39m ++++++++Entering: Method signature++++++++ 
public java.util.List com.employee.controller.EmployeeController.getEmployeesEntry(javax.servlet.http.HttpServletRequest) at: Tue May 29 15:05:02 IST 2018
[2m2018-05-29 15:05:02[0;39m [32m INFO[0;39m [35m13724[0;39m [2m---[0;39m [2m[nio-8585-exec-2][0;39m [36mc.employee.common.aspect.LoggingAspect  [0;39m [2m:[0;39m ++++++++ Exiting : method signature++++++++  
public java.util.List com.employee.controller.EmployeeController.getEmployeesEntry(javax.servlet.http.HttpServletRequest)  at: Tue May 29 15:05:02 IST 2018
[2m2018-05-29 15:05:02[0;39m [32m INFO[0;39m [35m13724[0;39m [2m---[0;39m [2m[nio-8585-exec-2][0;39m [36mc.employee.common.aspect.LoggingAspect  [0;39m [2m:[0;39m ++++++++ method signature public java.util.List com.employee.controller.EmployeeController.getEmployeesEntry(javax.servlet.http.HttpServletRequest) took 0.011 seconds
[2m2018-05-29 15:05:34[0;39m [32m INFO[0;39m [35m13724[0;39m [2m---[0;39m [2m[nio-8585-exec-3][0;39m [36mc.employee.common.aspect.LoggingAspect  [0;39m [2m:[0;39m ++++++++Entering: Method signature++++++++ 
public java.util.List com.employee.controller.EmployeeController.getEmployeesEntry(javax.servlet.http.HttpServletRequest) at: Tue May 29 15:05:34 IST 2018
[2m2018-05-29 15:05:34[0;39m [32m INFO[0;39m [35m13724[0;39m [2m---[0;39m [2m[nio-8585-exec-3][0;39m [36mc.employee.common.aspect.LoggingAspect  [0;39m [2m:[0;39m ++++++++ Exiting : method signature++++++++  
public java.util.List com.employee.controller.EmployeeController.getEmployeesEntry(javax.servlet.http.HttpServletRequest)  at: Tue May 29 15:05:34 IST 2018
[2m2018-05-29 15:05:34[0;39m [32m INFO[0;39m [35m13724[0;39m [2m---[0;39m [2m[nio-8585-exec-3][0;39m [36mc.employee.common.aspect.LoggingAspect  [0;39m [2m:[0;39m ++++++++ method signature public java.util.List com.employee.controller.EmployeeController.getEmployeesEntry(javax.servlet.http.HttpServletRequest) took 0.007 seconds
[2m2018-05-29 15:06:12[0;39m [32m INFO[0;39m [35m13724[0;39m [2m---[0;39m [2m[nio-8585-exec-7][0;39m [36mc.employee.common.aspect.LoggingAspect  [0;39m [2m:[0;39m ++++++++Entering: Method signature++++++++ 
public java.util.List com.employee.controller.EmployeeController.getEmployeesEntry(javax.servlet.http.HttpServletRequest) at: Tue May 29 15:06:12 IST 2018
[2m2018-05-29 15:06:12[0;39m [32m INFO[0;39m [35m13724[0;39m [2m---[0;39m [2m[nio-8585-exec-7][0;39m [36mc.employee.common.aspect.LoggingAspect  [0;39m [2m:[0;39m ++++++++ Exiting : method signature++++++++  
public java.util.List com.employee.controller.EmployeeController.getEmployeesEntry(javax.servlet.http.HttpServletRequest)  at: Tue May 29 15:06:12 IST 2018
[2m2018-05-29 15:06:12[0;39m [32m INFO[0;39m [35m13724[0;39m [2m---[0;39m [2m[nio-8585-exec-7][0;39m [36mc.employee.common.aspect.LoggingAspect  [0;39m [2m:[0;39m ++++++++ method signature public java.util.List com.employee.controller.EmployeeController.getEmployeesEntry(javax.servlet.http.HttpServletRequest) took 0.0 seconds
[2m2018-05-29 15:28:56[0;39m [32m INFO[0;39m [35m13724[0;39m [2m---[0;39m [2m[nio-8585-exec-3][0;39m [36mc.employee.common.aspect.LoggingAspect  [0;39m [2m:[0;39m ++++++++Entering: Method signature++++++++ 
public com.employee.dto.EmployeeDTO com.employee.controller.EmployeeController.createEmployeeRegistrationEntry(javax.servlet.http.HttpServletRequest,javax.servlet.http.HttpServletResponse,com.employee.dto.EmployeeDTO) at: Tue May 29 15:28:56 IST 2018
[2m2018-05-29 15:28:57[0;39m [32m INFO[0;39m [35m13724[0;39m [2m---[0;39m [2m[nio-8585-exec-3][0;39m [36mc.employee.common.aspect.LoggingAspect  [0;39m [2m:[0;39m ++++++++ Exiting : method signature++++++++  
public com.employee.dto.EmployeeDTO com.employee.controller.EmployeeController.createEmployeeRegistrationEntry(javax.servlet.http.HttpServletRequest,javax.servlet.http.HttpServletResponse,com.employee.dto.EmployeeDTO)  at: Tue May 29 15:28:57 IST 2018
[2m2018-05-29 15:28:57[0;39m [32m INFO[0;39m [35m13724[0;39m [2m---[0;39m [2m[nio-8585-exec-3][0;39m [36mc.employee.common.aspect.LoggingAspect  [0;39m [2m:[0;39m ++++++++ method signature public com.employee.dto.EmployeeDTO com.employee.controller.EmployeeController.createEmployeeRegistrationEntry(javax.servlet.http.HttpServletRequest,javax.servlet.http.HttpServletResponse,com.employee.dto.EmployeeDTO) took 0.247 seconds
[2m2018-05-29 15:28:57[0;39m [32m INFO[0;39m [35m13724[0;39m [2m---[0;39m [2m[nio-8585-exec-9][0;39m [36mc.employee.common.aspect.LoggingAspect  [0;39m [2m:[0;39m ++++++++Entering: Method signature++++++++ 
public java.util.List com.employee.controller.EmployeeController.getEmployeesEntry(javax.servlet.http.HttpServletRequest) at: Tue May 29 15:28:57 IST 2018
[2m2018-05-29 15:28:57[0;39m [32m INFO[0;39m [35m13724[0;39m [2m---[0;39m [2m[nio-8585-exec-9][0;39m [36mc.employee.common.aspect.LoggingAspect  [0;39m [2m:[0;39m ++++++++ Exiting : method signature++++++++  
public java.util.List com.employee.controller.EmployeeController.getEmployeesEntry(javax.servlet.http.HttpServletRequest)  at: Tue May 29 15:28:57 IST 2018
[2m2018-05-29 15:28:57[0;39m [32m INFO[0;39m [35m13724[0;39m [2m---[0;39m [2m[nio-8585-exec-9][0;39m [36mc.employee.common.aspect.LoggingAspect  [0;39m [2m:[0;39m ++++++++ method signature public java.util.List com.employee.controller.EmployeeController.getEmployeesEntry(javax.servlet.http.HttpServletRequest) took 0.0 seconds
[2m2018-05-29 15:31:54[0;39m [32m INFO[0;39m [35m13724[0;39m [2m---[0;39m [2m[nio-8585-exec-1][0;39m [36mc.employee.common.aspect.LoggingAspect  [0;39m [2m:[0;39m ++++++++Entering: Method signature++++++++ 
public java.util.List com.employee.controller.EmployeeController.getEmployeesEntry(javax.servlet.http.HttpServletRequest) at: Tue May 29 15:31:54 IST 2018
[2m2018-05-29 15:31:54[0;39m [32m INFO[0;39m [35m13724[0;39m [2m---[0;39m [2m[nio-8585-exec-1][0;39m [36mc.employee.common.aspect.LoggingAspect  [0;39m [2m:[0;39m ++++++++ Exiting : method signature++++++++  
public java.util.List com.employee.controller.EmployeeController.getEmployeesEntry(javax.servlet.http.HttpServletRequest)  at: Tue May 29 15:31:54 IST 2018
[2m2018-05-29 15:31:54[0;39m [32m INFO[0;39m [35m13724[0;39m [2m---[0;39m [2m[nio-8585-exec-1][0;39m [36mc.employee.common.aspect.LoggingAspect  [0;39m [2m:[0;39m ++++++++ method signature public java.util.List com.employee.controller.EmployeeController.getEmployeesEntry(javax.servlet.http.HttpServletRequest) took 0.014 seconds
[2m2018-05-29 15:32:02[0;39m [32m INFO[0;39m [35m13724[0;39m [2m---[0;39m [2m[nio-8585-exec-7][0;39m [36mc.employee.common.aspect.LoggingAspect  [0;39m [2m:[0;39m ++++++++Entering: Method signature++++++++ 
public java.util.List com.employee.controller.EmployeeController.getEmployeesEntry(javax.servlet.http.HttpServletRequest) at: Tue May 29 15:32:02 IST 2018
[2m2018-05-29 15:32:02[0;39m [32m INFO[0;39m [35m13724[0;39m [2m---[0;39m [2m[nio-8585-exec-7][0;39m [36mc.employee.common.aspect.LoggingAspect  [0;39m [2m:[0;39m ++++++++ Exiting : method signature++++++++  
public java.util.List com.employee.controller.EmployeeController.getEmployeesEntry(javax.servlet.http.HttpServletRequest)  at: Tue May 29 15:32:02 IST 2018
[2m2018-05-29 15:32:02[0;39m [32m INFO[0;39m [35m13724[0;39m [2m---[0;39m [2m[nio-8585-exec-7][0;39m [36mc.employee.common.aspect.LoggingAspect  [0;39m [2m:[0;39m ++++++++ method signature public java.util.List com.employee.controller.EmployeeController.getEmployeesEntry(javax.servlet.http.HttpServletRequest) took 0.01 seconds
[2m2018-05-29 15:32:06[0;39m [32m INFO[0;39m [35m13724[0;39m [2m---[0;39m [2m[nio-8585-exec-5][0;39m [36mc.employee.common.aspect.LoggingAspect  [0;39m [2m:[0;39m ++++++++Entering: Method signature++++++++ 
public java.util.List com.employee.controller.EmployeeController.getEmployeesEntry(javax.servlet.http.HttpServletRequest) at: Tue May 29 15:32:06 IST 2018
[2m2018-05-29 15:32:06[0;39m [32m INFO[0;39m [35m13724[0;39m [2m---[0;39m [2m[nio-8585-exec-5][0;39m [36mc.employee.common.aspect.LoggingAspect  [0;39m [2m:[0;39m ++++++++ Exiting : method signature++++++++  
public java.util.List com.employee.controller.EmployeeController.getEmployeesEntry(javax.servlet.http.HttpServletRequest)  at: Tue May 29 15:32:06 IST 2018
[2m2018-05-29 15:32:06[0;39m [32m INFO[0;39m [35m13724[0;39m [2m---[0;39m [2m[nio-8585-exec-5][0;39m [36mc.employee.common.aspect.LoggingAspect  [0;39m [2m:[0;39m ++++++++ method signature public java.util.List com.employee.controller.EmployeeController.getEmployeesEntry(javax.servlet.http.HttpServletRequest) took 0.008 seconds
[2m2018-05-29 15:32:13[0;39m [32m INFO[0;39m [35m13724[0;39m [2m---[0;39m [2m[nio-8585-exec-6][0;39m [36mc.employee.common.aspect.LoggingAspect  [0;39m [2m:[0;39m ++++++++Entering: Method signature++++++++ 
public java.util.List com.employee.controller.EmployeeController.getEmployeesEntry(javax.servlet.http.HttpServletRequest) at: Tue May 29 15:32:13 IST 2018
[2m2018-05-29 15:32:13[0;39m [32m INFO[0;39m [35m13724[0;39m [2m---[0;39m [2m[nio-8585-exec-6][0;39m [36mc.employee.common.aspect.LoggingAspect  [0;39m [2m:[0;39m ++++++++ Exiting : method signature++++++++  
public java.util.List com.employee.controller.EmployeeController.getEmployeesEntry(javax.servlet.http.HttpServletRequest)  at: Tue May 29 15:32:13 IST 2018
[2m2018-05-29 15:32:13[0;39m [32m INFO[0;39m [35m13724[0;39m [2m---[0;39m [2m[nio-8585-exec-6][0;39m [36mc.employee.common.aspect.LoggingAspect  [0;39m [2m:[0;39m ++++++++ method signature public java.util.List com.employee.controller.EmployeeController.getEmployeesEntry(javax.servlet.http.HttpServletRequest) took 0.002 seconds
[2m2018-05-29 15:32:35[0;39m [32m INFO[0;39m [35m13724[0;39m [2m---[0;39m [2m[nio-8585-exec-2][0;39m [36mc.employee.common.aspect.LoggingAspect  [0;39m [2m:[0;39m ++++++++Entering: Method signature++++++++ 
public java.util.List com.employee.controller.EmployeeController.getEmployeesEntry(javax.servlet.http.HttpServletRequest) at: Tue May 29 15:32:35 IST 2018
[2m2018-05-29 15:32:35[0;39m [32m INFO[0;39m [35m13724[0;39m [2m---[0;39m [2m[nio-8585-exec-2][0;39m [36mc.employee.common.aspect.LoggingAspect  [0;39m [2m:[0;39m ++++++++ Exiting : method signature++++++++  
public java.util.List com.employee.controller.EmployeeController.getEmployeesEntry(javax.servlet.http.HttpServletRequest)  at: Tue May 29 15:32:35 IST 2018
[2m2018-05-29 15:32:35[0;39m [32m INFO[0;39m [35m13724[0;39m [2m---[0;39m [2m[nio-8585-exec-2][0;39m [36mc.employee.common.aspect.LoggingAspect  [0;39m [2m:[0;39m ++++++++ method signature public java.util.List com.employee.controller.EmployeeController.getEmployeesEntry(javax.servlet.http.HttpServletRequest) took 0.01 seconds
[2m2018-05-29 15:36:51[0;39m [32m INFO[0;39m [35m13724[0;39m [2m---[0;39m [2m[(134)-127.0.0.1][0;39m [36minMXBeanRegistrar$SpringApplicationAdmin[0;39m [2m:[0;39m Application shutdown requested.
[2m2018-05-29 15:36:51[0;39m [32m INFO[0;39m [35m13724[0;39m [2m---[0;39m [2m[(134)-127.0.0.1][0;39m [36mationConfigEmbeddedWebApplicationContext[0;39m [2m:[0;39m Closing org.springframework.boot.context.embedded.AnnotationConfigEmbeddedWebApplicationContext@66d18979: startup date [Tue May 29 12:15:20 IST 2018]; root of context hierarchy
[2m2018-05-29 15:36:51[0;39m [32m INFO[0;39m [35m13724[0;39m [2m---[0;39m [2m[(134)-127.0.0.1][0;39m [36mo.s.j.e.a.AnnotationMBeanExporter       [0;39m [2m:[0;39m Unregistering JMX-exposed beans on shutdown
[2m2018-05-29 15:36:51[0;39m [32m INFO[0;39m [35m13724[0;39m [2m---[0;39m [2m[(134)-127.0.0.1][0;39m [36mo.s.j.e.a.AnnotationMBeanExporter       [0;39m [2m:[0;39m Unregistering JMX-exposed beans
[2m2018-05-29 15:36:51[0;39m [32m INFO[0;39m [35m13724[0;39m [2m---[0;39m [2m[(134)-127.0.0.1][0;39m [36mj.LocalContainerEntityManagerFactoryBean[0;39m [2m:[0;39m Closing JPA EntityManagerFactory for persistence unit 'default'
[2m2018-05-29 15:36:51[0;39m [32m INFO[0;39m [35m13724[0;39m [2m---[0;39m [2m[(134)-127.0.0.1][0;39m [36morg.hibernate.tool.hbm2ddl.SchemaExport [0;39m [2m:[0;39m HHH000227: Running hbm2ddl schema export
[2m2018-05-29 15:36:51[0;39m [32m INFO[0;39m [35m13724[0;39m [2m---[0;39m [2m[(134)-127.0.0.1][0;39m [36morg.hibernate.tool.hbm2ddl.SchemaExport [0;39m [2m:[0;39m HHH000230: Schema export complete
[2m2018-05-29 15:36:51[0;39m [32m INFO[0;39m [35m13724[0;39m [2m---[0;39m [2m[(134)-127.0.0.1][0;39m [36mcom.zaxxer.hikari.pool.HikariPool       [0;39m [2m:[0;39m HikariPool-1 - Close initiated...
[2m2018-05-29 15:36:51[0;39m [32m INFO[0;39m [35m13724[0;39m [2m---[0;39m [2m[(134)-127.0.0.1][0;39m [36mcom.zaxxer.hikari.pool.HikariPool       [0;39m [2m:[0;39m HikariPool-1 - Closed.
[2m2018-05-29 15:36:56[0;39m [32m INFO[0;39m [35m8776[0;39m [2m---[0;39m [2m[           main][0;39m [36mcom.employee.EmployeeApplication        [0;39m [2m:[0;39m Starting EmployeeApplication on USHYDANUNARAYA1 with PID 8776 (C:\Users\anunarayan\Documents\Pratice2\employee-master\employee-service\target\classes started by anunarayan in C:\Users\anunarayan\Documents\Pratice2\employee-master\employee-service)
[2m2018-05-29 15:36:56[0;39m [32m INFO[0;39m [35m8776[0;39m [2m---[0;39m [2m[           main][0;39m [36mcom.employee.EmployeeApplication        [0;39m [2m:[0;39m No active profile set, falling back to default profiles: default
[2m2018-05-29 15:36:57[0;39m [32m INFO[0;39m [35m8776[0;39m [2m---[0;39m [2m[           main][0;39m [36mationConfigEmbeddedWebApplicationContext[0;39m [2m:[0;39m Refreshing org.springframework.boot.context.embedded.AnnotationConfigEmbeddedWebApplicationContext@66d18979: startup date [Tue May 29 15:36:57 IST 2018]; root of context hierarchy
[2m2018-05-29 15:36:58[0;39m [32m INFO[0;39m [35m8776[0;39m [2m---[0;39m [2m[           main][0;39m [36mtrationDelegate$BeanPostProcessorChecker[0;39m [2m:[0;39m Bean 'org.springframework.ws.config.annotation.DelegatingWsConfiguration' of type [org.springframework.ws.config.annotation.DelegatingWsConfiguration$$EnhancerBySpringCGLIB$$e6cd352f] is not eligible for getting processed by all BeanPostProcessors (for example: not eligible for auto-proxying)
[2m2018-05-29 15:36:58[0;39m [32m INFO[0;39m [35m8776[0;39m [2m---[0;39m [2m[           main][0;39m [36m.w.s.a.s.AnnotationActionEndpointMapping[0;39m [2m:[0;39m Supporting [WS-Addressing August 2004, WS-Addressing 1.0]
[2m2018-05-29 15:36:59[0;39m [32m INFO[0;39m [35m8776[0;39m [2m---[0;39m [2m[           main][0;39m [36ms.b.c.e.t.TomcatEmbeddedServletContainer[0;39m [2m:[0;39m Tomcat initialized with port(s): 8585 (http)
[2m2018-05-29 15:36:59[0;39m [32m INFO[0;39m [35m8776[0;39m [2m---[0;39m [2m[           main][0;39m [36mo.apache.catalina.core.StandardService  [0;39m [2m:[0;39m Starting service Tomcat
[2m2018-05-29 15:36:59[0;39m [32m INFO[0;39m [35m8776[0;39m [2m---[0;39m [2m[           main][0;39m [36morg.apache.catalina.core.StandardEngine [0;39m [2m:[0;39m Starting Servlet Engine: Apache Tomcat/8.5.14
[2m2018-05-29 15:36:59[0;39m [32m INFO[0;39m [35m8776[0;39m [2m---[0;39m [2m[ost-startStop-1][0;39m [36mo.a.c.c.C.[.[.[/employee-service]       [0;39m [2m:[0;39m Initializing Spring embedded WebApplicationContext
[2m2018-05-29 15:36:59[0;39m [32m INFO[0;39m [35m8776[0;39m [2m---[0;39m [2m[ost-startStop-1][0;39m [36mo.s.web.context.ContextLoader           [0;39m [2m:[0;39m Root WebApplicationContext: initialization completed in 2786 ms
[2m2018-05-29 15:37:00[0;39m [32m INFO[0;39m [35m8776[0;39m [2m---[0;39m [2m[ost-startStop-1][0;39m [36mo.s.b.w.servlet.FilterRegistrationBean  [0;39m [2m:[0;39m Mapping filter: 'characterEncodingFilter' to: [/*]
[2m2018-05-29 15:37:00[0;39m [32m INFO[0;39m [35m8776[0;39m [2m---[0;39m [2m[ost-startStop-1][0;39m [36mo.s.b.w.servlet.FilterRegistrationBean  [0;39m [2m:[0;39m Mapping filter: 'hiddenHttpMethodFilter' to: [/*]
[2m2018-05-29 15:37:00[0;39m [32m INFO[0;39m [35m8776[0;39m [2m---[0;39m [2m[ost-startStop-1][0;39m [36mo.s.b.w.servlet.FilterRegistrationBean  [0;39m [2m:[0;39m Mapping filter: 'httpPutFormContentFilter' to: [/*]
[2m2018-05-29 15:37:00[0;39m [32m INFO[0;39m [35m8776[0;39m [2m---[0;39m [2m[ost-startStop-1][0;39m [36mo.s.b.w.servlet.FilterRegistrationBean  [0;39m [2m:[0;39m Mapping filter: 'requestContextFilter' to: [/*]
[2m2018-05-29 15:37:00[0;39m [32m INFO[0;39m [35m8776[0;39m [2m---[0;39m [2m[ost-startStop-1][0;39m [36m.s.DelegatingFilterProxyRegistrationBean[0;39m [2m:[0;39m Mapping filter: 'springSecurityFilterChain' to: [/*]
[2m2018-05-29 15:37:00[0;39m [32m INFO[0;39m [35m8776[0;39m [2m---[0;39m [2m[ost-startStop-1][0;39m [36mo.s.b.w.servlet.ServletRegistrationBean [0;39m [2m:[0;39m Mapping servlet: 'dispatcherServlet' to [/]
[2m2018-05-29 15:37:00[0;39m [32m INFO[0;39m [35m8776[0;39m [2m---[0;39m [2m[ost-startStop-1][0;39m [36mo.s.b.w.servlet.ServletRegistrationBean [0;39m [2m:[0;39m Mapping servlet: 'webServlet' to [/h2/*]
[2m2018-05-29 15:37:00[0;39m [32m INFO[0;39m [35m8776[0;39m [2m---[0;39m [2m[ost-startStop-1][0;39m [36mo.s.b.w.servlet.ServletRegistrationBean [0;39m [2m:[0;39m Mapping servlet: 'messageDispatcherServlet' to [/services/*]
[2m2018-05-29 15:37:01[0;39m [32m INFO[0;39m [35m8776[0;39m [2m---[0;39m [2m[           main][0;39m [36mcom.zaxxer.hikari.HikariDataSource      [0;39m [2m:[0;39m HikariPool-1 - Started.
[2m2018-05-29 15:37:01[0;39m [32m INFO[0;39m [35m8776[0;39m [2m---[0;39m [2m[           main][0;39m [36mj.LocalContainerEntityManagerFactoryBean[0;39m [2m:[0;39m Building JPA container EntityManagerFactory for persistence unit 'default'
[2m2018-05-29 15:37:01[0;39m [32m INFO[0;39m [35m8776[0;39m [2m---[0;39m [2m[           main][0;39m [36mo.hibernate.jpa.internal.util.LogHelper [0;39m [2m:[0;39m HHH000204: Processing PersistenceUnitInfo [
	name: default
	...]
[2m2018-05-29 15:37:02[0;39m [32m INFO[0;39m [35m8776[0;39m [2m---[0;39m [2m[           main][0;39m [36morg.hibernate.Version                   [0;39m [2m:[0;39m HHH000412: Hibernate Core {5.0.12.Final}
[2m2018-05-29 15:37:02[0;39m [32m INFO[0;39m [35m8776[0;39m [2m---[0;39m [2m[           main][0;39m [36morg.hibernate.cfg.Environment           [0;39m [2m:[0;39m HHH000206: hibernate.properties not found
[2m2018-05-29 15:37:02[0;39m [32m INFO[0;39m [35m8776[0;39m [2m---[0;39m [2m[           main][0;39m [36morg.hibernate.cfg.Environment           [0;39m [2m:[0;39m HHH000021: Bytecode provider name : javassist
[2m2018-05-29 15:37:02[0;39m [32m INFO[0;39m [35m8776[0;39m [2m---[0;39m [2m[           main][0;39m [36mo.hibernate.annotations.common.Version  [0;39m [2m:[0;39m HCANN000001: Hibernate Commons Annotations {5.0.1.Final}
[2m2018-05-29 15:37:02[0;39m [32m INFO[0;39m [35m8776[0;39m [2m---[0;39m [2m[           main][0;39m [36morg.hibernate.dialect.Dialect           [0;39m [2m:[0;39m HHH000400: Using dialect: org.hibernate.dialect.H2Dialect
[2m2018-05-29 15:37:03[0;39m [32m INFO[0;39m [35m8776[0;39m [2m---[0;39m [2m[           main][0;39m [36morg.hibernate.tool.hbm2ddl.SchemaExport [0;39m [2m:[0;39m HHH000227: Running hbm2ddl schema export
[2m2018-05-29 15:37:03[0;39m [32m INFO[0;39m [35m8776[0;39m [2m---[0;39m [2m[           main][0;39m [36morg.hibernate.tool.hbm2ddl.SchemaExport [0;39m [2m:[0;39m HHH000230: Schema export complete
[2m2018-05-29 15:37:03[0;39m [32m INFO[0;39m [35m8776[0;39m [2m---[0;39m [2m[           main][0;39m [36mj.LocalContainerEntityManagerFactoryBean[0;39m [2m:[0;39m Initialized JPA EntityManagerFactory for persistence unit 'default'
[2m2018-05-29 15:37:03[0;39m [32m INFO[0;39m [35m8776[0;39m [2m---[0;39m [2m[           main][0;39m [36mo.s.jdbc.datasource.init.ScriptUtils    [0;39m [2m:[0;39m Executing SQL script from URL [file:/C:/Users/anunarayan/Documents/Pratice2/employee-master/employee-service/target/classes/data.sql]
[2m2018-05-29 15:37:03[0;39m [32m INFO[0;39m [35m8776[0;39m [2m---[0;39m [2m[           main][0;39m [36mo.s.jdbc.datasource.init.ScriptUtils    [0;39m [2m:[0;39m Executed SQL script from URL [file:/C:/Users/anunarayan/Documents/Pratice2/employee-master/employee-service/target/classes/data.sql] in 4 ms.
[2m2018-05-29 15:37:03[0;39m [32m INFO[0;39m [35m8776[0;39m [2m---[0;39m [2m[           main][0;39m [36mo.h.h.i.QueryTranslatorFactoryInitiator [0;39m [2m:[0;39m HHH000397: Using ASTQueryTranslatorFactory
[2m2018-05-29 15:37:04[0;39m [32m INFO[0;39m [35m8776[0;39m [2m---[0;39m [2m[           main][0;39m [36ms.w.s.m.m.a.RequestMappingHandlerAdapter[0;39m [2m:[0;39m Looking for @ControllerAdvice: org.springframework.boot.context.embedded.AnnotationConfigEmbeddedWebApplicationContext@66d18979: startup date [Tue May 29 15:36:57 IST 2018]; root of context hierarchy
[2m2018-05-29 15:37:04[0;39m [32m INFO[0;39m [35m8776[0;39m [2m---[0;39m [2m[           main][0;39m [36ms.w.s.m.m.a.RequestMappingHandlerMapping[0;39m [2m:[0;39m Mapped "{[/employeedetail],methods=[GET],produces=[application/json;charset=utf-8]}" onto public java.util.List<com.employee.dto.EmployeeDTO> com.employee.controller.EmployeeController.getEmployeesEntry(javax.servlet.http.HttpServletRequest) throws javassist.NotFoundException
[2m2018-05-29 15:37:04[0;39m [32m INFO[0;39m [35m8776[0;39m [2m---[0;39m [2m[           main][0;39m [36ms.w.s.m.m.a.RequestMappingHandlerMapping[0;39m [2m:[0;39m Mapped "{[/EmployeeAuthentication],methods=[POST],consumes=[application/json;charset=utf-8]}" onto public com.employee.dto.EmployeeDTO com.employee.controller.EmployeeController.getEmployeeAuthentication(javax.servlet.http.HttpServletRequest,javax.servlet.http.HttpServletResponse,com.employee.dto.EmployeeDTO)
[2m2018-05-29 15:37:04[0;39m [32m INFO[0;39m [35m8776[0;39m [2m---[0;39m [2m[           main][0;39m [36ms.w.s.m.m.a.RequestMappingHandlerMapping[0;39m [2m:[0;39m Mapped "{[/EmployeeRegistration],methods=[POST],consumes=[application/json;charset=utf-8]}" onto public com.employee.dto.EmployeeDTO com.employee.controller.EmployeeController.createEmployeeRegistrationEntry(javax.servlet.http.HttpServletRequest,javax.servlet.http.HttpServletResponse,com.employee.dto.EmployeeDTO)
[2m2018-05-29 15:37:04[0;39m [32m INFO[0;39m [35m8776[0;39m [2m---[0;39m [2m[           main][0;39m [36ms.w.s.m.m.a.RequestMappingHandlerMapping[0;39m [2m:[0;39m Mapped "{[/error]}" onto public org.springframework.http.ResponseEntity<java.util.Map<java.lang.String, java.lang.Object>> org.springframework.boot.autoconfigure.web.BasicErrorController.error(javax.servlet.http.HttpServletRequest)
[2m2018-05-29 15:37:04[0;39m [32m INFO[0;39m [35m8776[0;39m [2m---[0;39m [2m[           main][0;39m [36ms.w.s.m.m.a.RequestMappingHandlerMapping[0;39m [2m:[0;39m Mapped "{[/error],produces=[text/html]}" onto public org.springframework.web.servlet.ModelAndView org.springframework.boot.autoconfigure.web.BasicErrorController.errorHtml(javax.servlet.http.HttpServletRequest,javax.servlet.http.HttpServletResponse)
[2m2018-05-29 15:37:04[0;39m [32m INFO[0;39m [35m8776[0;39m [2m---[0;39m [2m[           main][0;39m [36mo.s.w.s.handler.SimpleUrlHandlerMapping [0;39m [2m:[0;39m Mapped URL path [/webjars/**] onto handler of type [class org.springframework.web.servlet.resource.ResourceHttpRequestHandler]
[2m2018-05-29 15:37:04[0;39m [32m INFO[0;39m [35m8776[0;39m [2m---[0;39m [2m[           main][0;39m [36mo.s.w.s.handler.SimpleUrlHandlerMapping [0;39m [2m:[0;39m Mapped URL path [/**] onto handler of type [class org.springframework.web.servlet.resource.ResourceHttpRequestHandler]
[2m2018-05-29 15:37:05[0;39m [32m INFO[0;39m [35m8776[0;39m [2m---[0;39m [2m[           main][0;39m [36m.m.m.a.ExceptionHandlerExceptionResolver[0;39m [2m:[0;39m Detected @ExceptionHandler methods in commonExceptionHandler
[2m2018-05-29 15:37:05[0;39m [32m INFO[0;39m [35m8776[0;39m [2m---[0;39m [2m[           main][0;39m [36mo.s.w.s.handler.SimpleUrlHandlerMapping [0;39m [2m:[0;39m Mapped URL path [/**/favicon.ico] onto handler of type [class org.springframework.web.servlet.resource.ResourceHttpRequestHandler]
[2m2018-05-29 15:37:05[0;39m [32m INFO[0;39m [35m8776[0;39m [2m---[0;39m [2m[           main][0;39m [36mo.s.s.web.DefaultSecurityFilterChain    [0;39m [2m:[0;39m Creating filter chain: OrRequestMatcher [requestMatchers=[Ant [pattern='/**'], Ant [pattern='/error']]], []
[2m2018-05-29 15:37:06[0;39m [32m INFO[0;39m [35m8776[0;39m [2m---[0;39m [2m[           main][0;39m [36mo.s.s.web.DefaultSecurityFilterChain    [0;39m [2m:[0;39m Creating filter chain: Ant [pattern='/h2/**'], [org.springframework.security.web.context.request.async.WebAsyncManagerIntegrationFilter@5a2f401a, org.springframework.security.web.context.SecurityContextPersistenceFilter@79d14037, org.springframework.security.web.header.HeaderWriterFilter@120d6cbf, org.springframework.security.web.authentication.logout.LogoutFilter@b339a08, org.springframework.security.web.authentication.www.BasicAuthenticationFilter@2676d96a, org.springframework.security.web.savedrequest.RequestCacheAwareFilter@6f52a229, org.springframework.security.web.servletapi.SecurityContextHolderAwareRequestFilter@563ada5, org.springframework.security.web.authentication.AnonymousAuthenticationFilter@6bdedbbd, org.springframework.security.web.session.SessionManagementFilter@1cdd31a4, org.springframework.security.web.access.ExceptionTranslationFilter@43b172e3, org.springframework.security.web.access.intercept.FilterSecurityInterceptor@6c1b82cd]
[2m2018-05-29 15:37:06[0;39m [32m INFO[0;39m [35m8776[0;39m [2m---[0;39m [2m[           main][0;39m [36mo.s.s.web.DefaultSecurityFilterChain    [0;39m [2m:[0;39m Creating filter chain: OrRequestMatcher [requestMatchers=[Ant [pattern='/**']]], [org.springframework.security.web.context.request.async.WebAsyncManagerIntegrationFilter@47ffdbba, org.springframework.security.web.context.SecurityContextPersistenceFilter@2591d23a, org.springframework.security.web.header.HeaderWriterFilter@4bff28e7, org.springframework.security.web.authentication.logout.LogoutFilter@5876bed9, org.springframework.security.web.authentication.www.BasicAuthenticationFilter@73ddb7ef, org.springframework.security.web.savedrequest.RequestCacheAwareFilter@6c1f15df, org.springframework.security.web.servletapi.SecurityContextHolderAwareRequestFilter@5e95b0ab, org.springframework.security.web.authentication.AnonymousAuthenticationFilter@ba0018e, org.springframework.security.web.session.SessionManagementFilter@39e7e040, org.springframework.security.web.access.ExceptionTranslationFilter@65259c53, org.springframework.security.web.access.intercept.FilterSecurityInterceptor@670a4738]
[2m2018-05-29 15:37:06[0;39m [32m INFO[0;39m [35m8776[0;39m [2m---[0;39m [2m[           main][0;39m [36mo.s.j.e.a.AnnotationMBeanExporter       [0;39m [2m:[0;39m Registering beans for JMX exposure on startup
[2m2018-05-29 15:37:06[0;39m [32m INFO[0;39m [35m8776[0;39m [2m---[0;39m [2m[           main][0;39m [36mo.s.j.e.a.AnnotationMBeanExporter       [0;39m [2m:[0;39m Bean with name 'dataSource' has been autodetected for JMX exposure
[2m2018-05-29 15:37:06[0;39m [32m INFO[0;39m [35m8776[0;39m [2m---[0;39m [2m[           main][0;39m [36mo.s.j.e.a.AnnotationMBeanExporter       [0;39m [2m:[0;39m Located MBean 'dataSource': registering with JMX server as MBean [com.zaxxer.hikari:name=dataSource,type=HikariDataSource]
[2m2018-05-29 15:37:06[0;39m [32m INFO[0;39m [35m8776[0;39m [2m---[0;39m [2m[           main][0;39m [36ms.b.c.e.t.TomcatEmbeddedServletContainer[0;39m [2m:[0;39m Tomcat started on port(s): 8585 (http)
[2m2018-05-29 15:37:06[0;39m [32m INFO[0;39m [35m8776[0;39m [2m---[0;39m [2m[           main][0;39m [36mcom.employee.EmployeeApplication        [0;39m [2m:[0;39m Started EmployeeApplication in 10.278 seconds (JVM running for 11.149)
[2m2018-05-29 16:56:04[0;39m [33m WARN[0;39m [35m8776[0;39m [2m---[0;39m [2m[l-1 housekeeper][0;39m [36mcom.zaxxer.hikari.pool.HikariPool       [0;39m [2m:[0;39m HikariPool-1 - Thread starvation or clock leap detected (housekeeper delta=4m2s69ms283µs225ns).
